<?xml version="1.0" encoding="UTF-8"?>
<!-- Generated by org.testng.reporters.JUnitReportReporter -->
<testsuite hostname="LAPTOP-SCV3I6LD" failures="0" tests="4" name="basicRequests.HTTPRequests" time="6.997" errors="0" timestamp="2025-01-23T00:41:41 IST" skipped="0">
  <testcase classname="basicRequests.HTTPRequests" name="getUser" time="4.224"/>
  <testcase classname="basicRequests.HTTPRequests" name="createUser" time="1.219"/>
  <testcase classname="basicRequests.HTTPRequests" name="updateUser" time="0.716"/>
  <testcase classname="basicRequests.HTTPRequests" name="deleteUser" time="0.838"/>
</testsuite> <!-- basicRequests.HTTPRequests -->
