<?xml version="1.0" encoding="UTF-8"?>
<!-- Generated by org.testng.reporters.JUnitReportReporter -->
<testsuite hostname="LAPTOP-SCV3I6LD" failures="0" tests="1" name="jsonResponseParsing.ParsingJSONResponseData" time="2.019" errors="0" timestamp="2025-01-17T21:58:25 IST" skipped="0">
  <testcase classname="jsonResponseParsing.ParsingJSONResponseData" name="testJsonResponse" time="2.019"/>
</testsuite> <!-- jsonResponseParsing.ParsingJSONResponseData -->
