<?xml version="1.0" encoding="UTF-8"?>
<!-- Generated by org.testng.reporters.JUnitReportReporter -->
<testsuite hostname="LAPTOP-SCV3I6LD" failures="0" tests="4" name="basicRequests.HTTPRequests" time="6.067" errors="0" timestamp="2025-01-14T23:02:19 IST" skipped="0">
  <testcase classname="basicRequests.HTTPRequests" name="getUser" time="3.753"/>
  <testcase classname="basicRequests.HTTPRequests" name="createUser" time="0.860"/>
  <testcase classname="basicRequests.HTTPRequests" name="updateUser" time="0.750"/>
  <testcase classname="basicRequests.HTTPRequests" name="deleteUser" time="0.704"/>
</testsuite> <!-- basicRequests.HTTPRequests -->
