<?xml version="1.0" encoding="UTF-8"?>
<!-- Generated by org.testng.reporters.JUnitReportReporter -->
<testsuite hostname="LAPTOP-SCV3I6LD" failures="0" tests="1" name="generalValidations.CookiesDemo" time="3.022" errors="0" timestamp="2025-01-16T01:36:20 IST" skipped="0">
  <testcase classname="generalValidations.CookiesDemo" name="testcookiesInfo" time="3.022"/>
</testsuite> <!-- generalValidations.CookiesDemo -->
