<?xml version="1.0" encoding="UTF-8"?>
<!-- Generated by org.testng.reporters.JUnitReportReporter -->
<testsuite hostname="LAPTOP-SCV3I6LD" failures="0" tests="2" name="day5.ParsingXMLResponse" time="2.413" errors="0" timestamp="2025-01-18T18:49:11 IST" skipped="0">
  <testcase classname="day5.ParsingXMLResponse" name="testXMLResponseBody" time="1.890"/>
  <testcase classname="day5.ParsingXMLResponse" name="testXMLResponse" time="0.523"/>
</testsuite> <!-- day5.ParsingXMLResponse -->
