<?xml version="1.0" encoding="UTF-8"?>
<!-- Generated by org.testng.reporters.JUnitReportReporter -->
<testsuite hostname="LAPTOP-SCV3I6LD" failures="0" tests="2" name="generalValidations.HeadersDemo" time="3.242" errors="0" timestamp="2025-01-16T02:00:08 IST" skipped="0">
  <testcase classname="generalValidations.HeadersDemo" name="testHeaders" time="2.884"/>
  <testcase classname="generalValidations.HeadersDemo" name="getHeaders" time="0.358"/>
</testsuite> <!-- generalValidations.HeadersDemo -->
