<?xml version="1.0" encoding="UTF-8"?>
<!-- Generated by org.testng.reporters.JUnitReportReporter -->
<testsuite hostname="LAPTOP-SCV3I6LD" failures="0" tests="1" name="generalValidations.LoggingDemo" time="2.891" errors="0" timestamp="2025-01-16T02:06:51 IST" skipped="0">
  <testcase classname="generalValidations.LoggingDemo" name="testLogs" time="2.891"/>
</testsuite> <!-- generalValidations.LoggingDemo -->
