<?xml version="1.0" encoding="UTF-8"?>
<!-- Generated by org.testng.reporters.JUnitReportReporter -->
<testsuite hostname="LAPTOP-SCV3I6LD" failures="0" tests="1" name="generalValidations.PathAndQueryParameters" time="3.477" errors="0" timestamp="2025-01-16T00:57:01 IST" skipped="0">
  <testcase classname="generalValidations.PathAndQueryParameters" name="testQueryAndPathParameters" time="3.477"/>
</testsuite> <!-- generalValidations.PathAndQueryParameters -->
